<?xml version="1.0" encoding="utf-8"?><testsuites name="pytest tests"><testsuite name="pytest" errors="0" failures="0" skipped="0" tests="9" time="27.681" timestamp="2026-08-10T01:17:06.417240+00:00" hostname="agent-env-77b6b2df-8cca-47a7-bb84-82889e5b75dd"><testcase classname="tests.test_voice_backend_selection.TestCurrentEnvironment" name="test_tts_uses_emergent_backend" time="6.547" /><testcase classname="tests.test_voice_backend_selection.TestNoKeys503" name="test_tts_503_mentions_both_keys" time="3.520" /><testcase classname="tests.test_voice_backend_selection.TestNoKeys503" name="test_stt_503_mentions_both_keys" time="0.003" /><testcase classname="tests.test_voice_backend_selection.TestInProcessHints" name="test_no_lib_no_key_hint" time="1.598" /><testcase classname="tests.test_voice_backend_selection.TestInProcessHints" name="test_emergent_lib_only_without_key_falls_through" time="1.578" /><testcase classname="tests.test_voice_backend_selection.TestInProcessHints" name="test_openai_key_only_picks_openai" time="1.623" /><testcase classname="tests.test_voice_backend_selection.TestOpenAIOnly" name="test_tts_attempts_openai_backend" time="3.790" /><testcase classname="tests.test_voice_backend_selection.TestOpenAIOnly" name="test_stt_attempts_openai_backend" time="0.171" /><testcase classname="tests.test_voice_backend_selection.TestRegressionAfterRestore" name="test_regression_endpoints" time="8.782" /></testsuite></testsuites>