<?xml version="1.0" encoding="utf-8"?><testsuites name="pytest tests"><testsuite name="pytest" errors="0" failures="0" skipped="0" tests="16" time="3.712" timestamp="2026-08-09T23:10:13.401942+00:00" hostname="agent-env-77b6b2df-8cca-47a7-bb84-82889e5b75dd"><testcase classname="tests.backend_test.TestAuth" name="test_status_unauthenticated" time="0.003" /><testcase classname="tests.backend_test.TestAuth" name="test_login_invalid" time="0.002" /><testcase classname="tests.backend_test.TestAuth" name="test_status_authenticated" time="0.003" /><testcase classname="tests.backend_test.TestVoiceAuthGuard" name="test_tts_requires_auth" time="0.001" /><testcase classname="tests.backend_test.TestVoiceAuthGuard" name="test_stt_requires_auth" time="0.001" /><testcase classname="tests.backend_test.TestVoiceTTS" name="test_tts_returns_mp3" time="2.852" /><testcase classname="tests.backend_test.TestVoiceTTS" name="test_tts_empty_text_400" time="0.008" /><testcase classname="tests.backend_test.TestVoiceTTS" name="test_tts_invalid_json_400" time="0.001" /><testcase classname="tests.backend_test.TestVoiceTTS" name="test_tts_invalid_voice_no_crash" time="0.001" /><testcase classname="tests.backend_test.TestVoiceSTT" name="test_stt_empty_body_400" time="0.001" /><testcase classname="tests.backend_test.TestVoiceSTT" name="test_stt_garbage_audio_readable_error" time="0.765" /><testcase classname="tests.backend_test.TestRegression" name="test_endpoints_ok[/api/system/info]" time="0.002" /><testcase classname="tests.backend_test.TestRegression" name="test_endpoints_ok[/api/system/cpu]" time="0.001" /><testcase classname="tests.backend_test.TestRegression" name="test_endpoints_ok[/api/system/disk]" time="0.001" /><testcase classname="tests.backend_test.TestRegression" name="test_endpoints_ok[/api/tools]" time="0.002" /><testcase classname="tests.backend_test.TestRegression" name="test_static_index_and_new_scripts" time="0.004" /></testsuite></testsuites>